build/app/intermediates/proguard-rules/release/aapt_rules.txt
# Referenced at processReleaseManifest\merged\AndroidManifest.xml:44
-keep class com.example.sains.MainActivity { <init>(...); }
# Referenced at processReleaseManifest\merged\AndroidManifest.xml:92
-keep class com.google.ar.core.InstallActivity { <init>(...); }
# Referenced at processReleaseManifest\merged\AndroidManifest.xml:39
-keep class io.flutter.app.FlutterApplication { <init>(...); }
# Referenced at processReleaseManifest\merged\AndroidManifest.xml:69
-keep class io.flutter.plugins.urllauncher.WebViewActivity { <init>(...); }
# Referenced at res\layout\__arcore_education.xml:2
-keep class android.widget.LinearLayout { <init>(...); }