build/app/outputs/mapping/release/seeds.txt
com.example.sains.MainActivity
com.example.sains.MainActivity: MainActivity()
com.example.sains.R$attr: int alpha
com.example.sains.R$attr: int coordinatorLayoutStyle
com.example.sains.R$attr: int font
com.example.sains.R$attr: int fontProviderAuthority
com.example.sains.R$attr: int fontProviderCerts
com.example.sains.R$attr: int fontProviderFetchStrategy
com.example.sains.R$attr: int fontProviderFetchTimeout
com.example.sains.R$attr: int fontProviderPackage
com.example.sains.R$attr: int fontProviderQuery
com.example.sains.R$attr: int fontStyle
com.example.sains.R$attr: int fontVariationSettings
com.example.sains.R$attr: int fontWeight
com.example.sains.R$attr: int keylines
com.example.sains.R$attr: int layout_anchor
com.example.sains.R$attr: int layout_anchorGravity
com.example.sains.R$attr: int layout_behavior
com.example.sains.R$attr: int layout_dodgeInsetEdges
com.example.sains.R$attr: int layout_insetEdge
com.example.sains.R$attr: int layout_keyline
com.example.sains.R$attr: int statusBarBackground
com.example.sains.R$attr: int ttcIndex
com.example.sains.R$color: int notification_action_color_filter
com.example.sains.R$color: int notification_icon_bg_color
com.example.sains.R$color: int ripple_material_light
com.example.sains.R$color: int secondary_text_default_material_light
com.example.sains.R$dimen: int compat_button_inset_horizontal_material
com.example.sains.R$dimen: int compat_button_inset_vertical_material
com.example.sains.R$dimen: int compat_button_padding_horizontal_material
com.example.sains.R$dimen: int compat_button_padding_vertical_material
com.example.sains.R$dimen: int compat_control_corner_material
com.example.sains.R$dimen: int compat_notification_large_icon_max_height
com.example.sains.R$dimen: int compat_notification_large_icon_max_width
com.example.sains.R$dimen: int notification_action_icon_size
com.example.sains.R$dimen: int notification_action_text_size
com.example.sains.R$dimen: int notification_big_circle_margin
com.example.sains.R$dimen: int notification_content_margin_start
com.example.sains.R$dimen: int notification_large_icon_height
com.example.sains.R$dimen: int notification_large_icon_width
com.example.sains.R$dimen: int notification_main_column_padding_top
com.example.sains.R$dimen: int notification_media_narrow_margin
com.example.sains.R$dimen: int notification_right_icon_size
com.example.sains.R$dimen: int notification_right_side_padding_top
com.example.sains.R$dimen: int notification_small_icon_background_padding
com.example.sains.R$dimen: int notification_small_icon_size_as_large
com.example.sains.R$dimen: int notification_subtext_size
com.example.sains.R$dimen: int notification_top_pad
com.example.sains.R$dimen: int notification_top_pad_large_text
com.example.sains.R$drawable: int app_banner
com.example.sains.R$drawable: int launch_background
com.example.sains.R$drawable: int notification_action_background
com.example.sains.R$drawable: int notification_bg
com.example.sains.R$drawable: int notification_bg_low
com.example.sains.R$drawable: int notification_bg_low_normal
com.example.sains.R$drawable: int notification_bg_low_pressed
com.example.sains.R$drawable: int notification_bg_normal
com.example.sains.R$drawable: int notification_bg_normal_pressed
com.example.sains.R$drawable: int notification_icon_background
com.example.sains.R$drawable: int notification_template_icon_bg
com.example.sains.R$drawable: int notification_template_icon_low_bg
com.example.sains.R$drawable: int notification_tile_bg
com.example.sains.R$drawable: int notify_panel_notification_icon_bg
...
androidx.core.R$layout: int notification_action
androidx.core.R$layout: int notification_action_tombstone
androidx.core.R$layout: int notification_template_custom_big
androidx.core.R$layout: int notification_template_icon_group
androidx.core.R$layout: int notification_template_part_chronometer
androidx.core.R$layout: int notification_template_part_time
androidx.core.R$string: int status_bar_notification_info_overflow
androidx.core.R$style: int TextAppearance_Compat_Notification
androidx.core.R$style: int TextAppearance_Compat_Notification_Info
androidx.core.R$style: int TextAppearance_Compat_Notification_Line2
androidx.core.R$style: int TextAppearance_Compat_Notification_Time
androidx.core.R$style: int TextAppearance_Compat_Notification_Title
androidx.core.R$style: int Widget_Compat_NotificationActionContainer
androidx.core.R$style: int Widget_Compat_NotificationActionText
androidx.core.R$styleable: int[] ColorStateListItem
androidx.core.R$styleable: int ColorStateListItem_android_color
androidx.core.R$styleable: int ColorStateListItem_android_alpha
androidx.core.R$styleable: int ColorStateListItem_alpha
androidx.core.R$styleable: int[] FontFamily
androidx.core.R$styleable: int FontFamily_fontProviderAuthority
androidx.core.R$styleable: int FontFamily_fontProviderCerts
androidx.core.R$styleable: int FontFamily_fontProviderFetchStrategy
androidx.core.R$styleable: int FontFamily_fontProviderFetchTimeout
androidx.core.R$styleable: int FontFamily_fontProviderPackage
androidx.core.R$styleable: int FontFamily_fontProviderQuery
androidx.core.R$styleable: int[] FontFamilyFont
androidx.core.R$styleable: int FontFamilyFont_android_font
androidx.core.R$styleable: int FontFamilyFont_android_fontWeight
androidx.core.R$styleable: int FontFamilyFont_android_fontStyle
androidx.core.R$styleable: int FontFamilyFont_android_ttcIndex
androidx.core.R$styleable: int FontFamilyFont_android_fontVariationSettings
androidx.core.R$styleable: int FontFamilyFont_font
androidx.core.R$styleable: int FontFamilyFont_fontStyle
androidx.core.R$styleable: int FontFamilyFont_fontVariationSettings
androidx.core.R$styleable: int FontFamilyFont_fontWeight
androidx.core.R$styleable: int FontFamilyFont_ttcIndex
androidx.core.R$styleable: int[] GradientColor
androidx.core.R$styleable: int GradientColor_android_startColor
androidx.core.R$styleable: int GradientColor_android_endColor
androidx.core.app.CoreComponentFactory
androidx.core.graphics.drawable.IconCompat
androidx.core.graphics.drawable.IconCompatParcelizer
androidx.core.graphics.drawable.IconCompatParcelizer: IconCompatParcelizer()
androidx.core.graphics.drawable.IconCompatParcelizer: androidx.core.graphics.drawable.IconCompat read(androidx.versionedparcelable.VersionedParcel)
androidx.core.graphics.drawable.IconCompatParcelizer: void write(androidx.core.graphics.drawable.IconCompat,androidx.versionedparcelable.VersionedParcel)
androidx.core.widget.NestedScrollView: void setNestedScrollingEnabled(boolean)
androidx.core.widget.NestedScrollView: int getNestedScrollAxes()
androidx.core.widget.NestedScrollView: float getTopFadingEdgeStrength()
androidx.core.widget.NestedScrollView: float getBottomFadingEdgeStrength()
androidx.core.widget.NestedScrollView: int getMaxScrollAmount()
androidx.core.widget.NestedScrollView: void setOnScrollChangeListener(androidx.core.widget.NestedScrollView$OnScrollChangeListener)
androidx.core.widget.NestedScrollView: void setFillViewport(boolean)
androidx.core.widget.NestedScrollView: void setSmoothScrollingEnabled(boolean)
androidx.core.widget.NestedScrollView: float getVerticalScrollFactorCompat()
androidx.core.widget.NestedScrollView: int getScrollRange()
androidx.core.widget.NestedScrollView$SavedState: android.os.Parcelable$Creator CREATOR