build/app/outputs/mapping/release/mapping.txt
com.example.sains.MainActivity -> com.example.sains.MainActivity:
    void onCreate(android.os.Bundle) -> onCreate
    void <init>() -> <init>
...
io.flutter.embedding.android.AndroidKeyProcessor -> io.flutter.embedding.a.a:
    io.flutter.embedding.engine.systemchannels.KeyEventChannel keyEventChannel -> a
    io.flutter.plugin.editing.TextInputPlugin textInputPlugin -> b
    int combiningCharacter -> c
    void <init>(io.flutter.embedding.engine.systemchannels.KeyEventChannel,io.flutter.plugin.editing.TextInputPlugin) -> <init>
    void onKeyUp(android.view.KeyEvent) -> a
    void onKeyDown(android.view.KeyEvent) -> b
    java.lang.Character applyCombiningCharacterToBaseCharacter(int) -> a
io.flutter.embedding.android.AndroidTouchProcessor -> io.flutter.embedding.a.b:
    io.flutter.embedding.engine.renderer.FlutterRenderer renderer -> a
    void <init>(io.flutter.embedding.engine.renderer.FlutterRenderer) -> <init>
    boolean onTouchEvent(android.view.MotionEvent) -> a
    boolean onGenericMotionEvent(android.view.MotionEvent) -> b
    void addPointerForIndex(android.view.MotionEvent,int,int,int,java.nio.ByteBuffer) -> a
    int getPointerChangeForAction(int) -> a
    int getPointerDeviceTypeForToolType(int) -> b
io.flutter.embedding.engine.FlutterEngine -> io.flutter.embedding.engine.a:
io.flutter.embedding.engine.FlutterEngine$EngineLifecycleListener -> io.flutter.embedding.engine.a$a:
    void onPreEngineRestart() -> a
io.flutter.embedding.engine.FlutterJNI -> io.flutter.embedding.engine.FlutterJNI:
    java.lang.String TAG -> TAG
    io.flutter.embedding.engine.FlutterJNI$AsyncWaitForVsyncDelegate asyncWaitForVsyncDelegate -> asyncWaitForVsyncDelegate
    float refreshRateFPS -> refreshRateFPS
    java.lang.String observatoryUri -> observatoryUri
    java.lang.Long nativePlatformViewId -> nativePlatformViewId
    io.flutter.embedding.engine.FlutterJNI$AccessibilityDelegate accessibilityDelegate -> accessibilityDelegate
    io.flutter.embedding.engine.dart.PlatformMessageHandler platformMessageHandler -> platformMessageHandler
    java.util.Set engineLifecycleListeners -> engineLifecycleListeners
    java.util.Set flutterUiDisplayListeners -> flutterUiDisplayListeners
    android.os.Looper mainLooper -> mainLooper
    void nativeInit(android.content.Context,java.lang.String[],java.lang.String,java.lang.String,java.lang.String) -> nativeInit
    void nativeRecordStartTimestamp(long) -> nativeRecordStartTimestamp
    boolean nativeGetIsSoftwareRenderingEnabled() -> nativeGetIsSoftwareRenderingEnabled
    java.lang.String getObservatoryUri() -> getObservatoryUri
    void setRefreshRateFPS(float) -> setRefreshRateFPS
    void setAsyncWaitForVsyncDelegate(io.flutter.embedding.engine.FlutterJNI$AsyncWaitForVsyncDelegate) -> setAsyncWaitForVsyncDelegate
    void asyncWaitForVsync(long) -> asyncWaitForVsync
    void nativeOnVsync(long,long,long) -> nativeOnVsync
io.flutter.embedding.engine.FlutterJNI$AccessibilityDelegate -> io.flutter.embedding.engine.FlutterJNI$a:
    void updateCustomAccessibilityActions(java.nio.ByteBuffer,java.lang.String[]) -> a
    void updateSemantics(java.nio.ByteBuffer,java.lang.String[]) -> b
io.flutter.embedding.engine.FlutterJNI$AsyncWaitForVsyncDelegate -> io.flutter.embedding.engine.FlutterJNI$b:
    void asyncWaitForVsync(long) -> a