build/app/outputs/mapping/release/usage.txt
com.example.sains.BuildConfig
com.example.sains.R
com.example.sains.R$attr
com.example.sains.R$color
com.example.sains.R$dimen
com.example.sains.R$drawable
com.example.sains.R$id
com.example.sains.R$integer
com.example.sains.R$layout
com.example.sains.R$mipmap
com.example.sains.R$raw
com.example.sains.R$string
com.example.sains.R$style
com.example.sains.R$styleable
...
kotlin.ranges.RangesKt___RangesKt
kotlin.ranges.UIntProgression
kotlin.ranges.UIntProgression$Companion
kotlin.ranges.UIntProgressionIterator
kotlin.ranges.UIntRange
kotlin.ranges.UIntRange$Companion
kotlin.ranges.ULongProgression
kotlin.ranges.ULongProgression$Companion
kotlin.ranges.ULongProgressionIterator
kotlin.ranges.ULongRange
kotlin.ranges.ULongRange$Companion
kotlin.ranges.URangesKt
kotlin.ranges.URangesKt___URangesKt
kotlin.reflect.KAnnotatedElement
kotlin.reflect.KCallable
kotlin.reflect.KCallable$DefaultImpls
kotlin.reflect.KClass
kotlin.reflect.KClass$DefaultImpls
kotlin.reflect.KClassifier
kotlin.reflect.KDeclarationContainer
kotlin.reflect.KFunction
kotlin.reflect.KFunction$DefaultImpls
kotlin.reflect.KMutableProperty
kotlin.reflect.KMutableProperty$Setter
kotlin.reflect.KMutableProperty0
kotlin.reflect.KMutableProperty0$Setter
kotlin.reflect.KMutableProperty1
kotlin.reflect.KMutableProperty1$Setter
kotlin.reflect.KMutableProperty2
kotlin.reflect.KMutableProperty2$Setter
kotlin.reflect.KParameter
kotlin.reflect.KParameter$DefaultImpls
kotlin.reflect.KParameter$Kind
kotlin.reflect.KProperty
kotlin.reflect.KProperty$Accessor
kotlin.reflect.KProperty$DefaultImpls
kotlin.reflect.KProperty$Getter
kotlin.reflect.KProperty0
kotlin.reflect.KProperty0$Getter
kotlin.reflect.KProperty1
kotlin.reflect.KProperty1$Getter
kotlin.reflect.KProperty2
kotlin.reflect.KProperty2$Getter
kotlin.reflect.KType
kotlin.reflect.KType$DefaultImpls
kotlin.reflect.KTypeParameter
kotlin.reflect.KTypeProjection
kotlin.reflect.KTypeProjection$Companion
kotlin.reflect.KVariance
kotlin.reflect.KVisibility
kotlin.reflect.TypeOfKt
kotlin.sequences.ConstrainedOnceSequence
kotlin.sequences.DistinctIterator
kotlin.sequences.DistinctSequence
kotlin.sequences.DropSequence
kotlin.sequences.DropSequence$iterator$1
kotlin.sequences.DropTakeSequence
kotlin.sequences.DropWhileSequence
kotlin.sequences.DropWhileSequence$iterator$1
kotlin.sequences.EmptySequence
kotlin.sequences.FilteringSequence
kotlin.sequences.FilteringSequence$iterator$1
kotlin.sequences.FlatteningSequence
kotlin.sequences.FlatteningSequence$iterator$1
kotlin.sequences.GeneratorSequence
kotlin.sequences.GeneratorSequence$iterator$1
kotlin.sequences.IndexingSequence
kotlin.sequences.IndexingSequence$iterator$1
kotlin.sequences.MergingSequence
kotlin.sequences.MergingSequence$iterator$1
kotlin.sequences.Sequence
kotlin.sequences.SequenceBuilderIterator
kotlin.sequences.SequenceScope
kotlin.sequences.SequencesKt
kotlin.sequences.SequencesKt__SequenceBuilderKt
kotlin.sequences.SequencesKt__SequenceBuilderKt$buildSequence$$inlined$Sequence$1
kotlin.sequences.SequencesKt__SequenceBuilderKt$sequence$$inlined$Sequence$1
kotlin.sequences.SequencesKt__SequencesJVMKt
kotlin.sequences.SequencesKt__SequencesKt
kotlin.sequences.SequencesKt__SequencesKt$Sequence$1
kotlin.sequences.SequencesKt__SequencesKt$asSequence$$inlined$Sequence$1
kotlin.sequences.SequencesKt__SequencesKt$flatten$1
kotlin.sequences.SequencesKt__SequencesKt$flatten$2
kotlin.sequences.SequencesKt__SequencesKt$flatten$3
kotlin.sequences.SequencesKt__SequencesKt$generateSequence$1
kotlin.sequences.SequencesKt__SequencesKt$generateSequence$2
kotlin.sequences.SequencesKt__SequencesKt$ifEmpty$1
kotlin.sequences.SequencesKt___SequencesJvmKt
kotlin.sequences.SequencesKt___SequencesJvmKt$filterIsInstance$1
kotlin.sequences.SequencesKt___SequencesKt
kotlin.sequences.SequencesKt___SequencesKt$asIterable$$inlined$Iterable$1
kotlin.sequences.SequencesKt___SequencesKt$distinct$1
kotlin.sequences.SequencesKt___SequencesKt$elementAt$1
kotlin.sequences.SequencesKt___SequencesKt$filterIndexed$1
kotlin.sequences.SequencesKt___SequencesKt$filterIndexed$2
kotlin.sequences.SequencesKt___SequencesKt$filterIsInstance$1
kotlin.sequences.SequencesKt___SequencesKt$filterNotNull$1
kotlin.sequences.SequencesKt___SequencesKt$flatMap$1
kotlin.sequences.SequencesKt___SequencesKt$groupingBy$1
kotlin.sequences.SequencesKt___SequencesKt$minus$1